<?xml version="1.0" encoding="UTF-8"?>
<testsuite name="it.unibo.nestedenum.TestMonthSorter" tests="2" skipped="0" failures="0" errors="0" timestamp="2022-11-10T17:51:42" hostname="LAPTOP-6OQ397AE" time="0.559">
  <properties/>
  <testcase name="testAmbiguousAndIllegalName()" classname="it.unibo.nestedenum.TestMonthSorter" time="0.03"/>
  <testcase name="testSorting()" classname="it.unibo.nestedenum.TestMonthSorter" time="0.528"/>
  <system-out><![CDATA[]]></system-out>
  <system-err><![CDATA[]]></system-err>
</testsuite>
